The system is: Linux - 3.2.0-4-amd64 - x86_64
Compiling the C compiler identification source file "CMakeCCompilerId.c" succeeded.
Compiler: /cvmfs/it.gsi.de/compiler/gcc/4.8.4/bin/gcc 
Build flags: 
Id flags: 

The output was:
0


Compilation of the C compiler identification source "CMakeCCompilerId.c" produced "a.out"

The C compiler identification is GNU, found in "/u/paloma/R3BRoot/R3BRoot_cabanelas/R3BRoot/build/CMakeFiles/CompilerIdC/a.out"

Compiling the CXX compiler identification source file "CMakeCXXCompilerId.cpp" succeeded.
Compiler: /cvmfs/it.gsi.de/compiler/gcc/4.8.4/bin/g++ 
Build flags: 
Id flags: 

The output was:
0


Compilation of the CXX compiler identification source "CMakeCXXCompilerId.cpp" produced "a.out"

The CXX compiler identification is GNU, found in "/u/paloma/R3BRoot/R3BRoot_cabanelas/R3BRoot/build/CMakeFiles/CompilerIdCXX/a.out"

Determining if the C compiler works passed with the following output:
Change Dir: /u/paloma/R3BRoot/R3BRoot_cabanelas/R3BRoot/build/CMakeFiles/CMakeTmp

Run Build Command:/usr/bin/make "cmTryCompileExec3712506040/fast"
/usr/bin/make -f CMakeFiles/cmTryCompileExec3712506040.dir/build.make CMakeFiles/cmTryCompileExec3712506040.dir/build
make[1]: Entering directory `/u/paloma/R3BRoot/R3BRoot_cabanelas/R3BRoot/build/CMakeFiles/CMakeTmp'
/usr/bin/cmake -E cmake_progress_report /u/paloma/R3BRoot/R3BRoot_cabanelas/R3BRoot/build/CMakeFiles/CMakeTmp/CMakeFiles 1
Building C object CMakeFiles/cmTryCompileExec3712506040.dir/testCCompiler.c.o
/cvmfs/it.gsi.de/compiler/gcc/4.8.4/bin/gcc    -o CMakeFiles/cmTryCompileExec3712506040.dir/testCCompiler.c.o   -c /u/paloma/R3BRoot/R3BRoot_cabanelas/R3BRoot/build/CMakeFiles/CMakeTmp/testCCompiler.c
Linking C executable cmTryCompileExec3712506040
/usr/bin/cmake -E cmake_link_script CMakeFiles/cmTryCompileExec3712506040.dir/link.txt --verbose=1
/cvmfs/it.gsi.de/compiler/gcc/4.8.4/bin/gcc         CMakeFiles/cmTryCompileExec3712506040.dir/testCCompiler.c.o  -o cmTryCompileExec3712506040 -rdynamic 
make[1]: Leaving directory `/u/paloma/R3BRoot/R3BRoot_cabanelas/R3BRoot/build/CMakeFiles/CMakeTmp'


Detecting C compiler ABI info compiled with the following output:
Change Dir: /u/paloma/R3BRoot/R3BRoot_cabanelas/R3BRoot/build/CMakeFiles/CMakeTmp

Run Build Command:/usr/bin/make "cmTryCompileExec1291420848/fast"
/usr/bin/make -f CMakeFiles/cmTryCompileExec1291420848.dir/build.make CMakeFiles/cmTryCompileExec1291420848.dir/build
make[1]: Entering directory `/u/paloma/R3BRoot/R3BRoot_cabanelas/R3BRoot/build/CMakeFiles/CMakeTmp'
/usr/bin/cmake -E cmake_progress_report /u/paloma/R3BRoot/R3BRoot_cabanelas/R3BRoot/build/CMakeFiles/CMakeTmp/CMakeFiles 1
Building C object CMakeFiles/cmTryCompileExec1291420848.dir/CMakeCCompilerABI.c.o
/cvmfs/it.gsi.de/compiler/gcc/4.8.4/bin/gcc    -o CMakeFiles/cmTryCompileExec1291420848.dir/CMakeCCompilerABI.c.o   -c /usr/share/cmake-2.8/Modules/CMakeCCompilerABI.c
Linking C executable cmTryCompileExec1291420848
/usr/bin/cmake -E cmake_link_script CMakeFiles/cmTryCompileExec1291420848.dir/link.txt --verbose=1
/cvmfs/it.gsi.de/compiler/gcc/4.8.4/bin/gcc       -v CMakeFiles/cmTryCompileExec1291420848.dir/CMakeCCompilerABI.c.o  -o cmTryCompileExec1291420848 -rdynamic  
Using built-in specs.
COLLECT_GCC=/cvmfs/it.gsi.de/compiler/gcc/4.8.4/bin/gcc
COLLECT_LTO_WRAPPER=/cvmfs/it.gsi.de/compiler/gcc/4.8.4/libexec/gcc/x86_64-unknown-linux-gnu/4.8.4/lto-wrapper
Target: x86_64-unknown-linux-gnu
Configured with: ../configure --prefix=/cvmfs/it.gsi.de/compiler/gcc/4.8.4 --enable-languages=c,c++,fortran
Thread model: posix
gcc version 4.8.4 (GCC) 
COMPILER_PATH=/cvmfs/it.gsi.de/compiler/gcc/4.8.4/libexec/gcc/x86_64-unknown-linux-gnu/4.8.4/:/cvmfs/it.gsi.de/compiler/gcc/4.8.4/libexec/gcc/x86_64-unknown-linux-gnu/4.8.4/:/cvmfs/it.gsi.de/compiler/gcc/4.8.4/libexec/gcc/x86_64-unknown-linux-gnu/:/cvmfs/it.gsi.de/compiler/gcc/4.8.4/lib/gcc/x86_64-unknown-linux-gnu/4.8.4/:/cvmfs/it.gsi.de/compiler/gcc/4.8.4/lib/gcc/x86_64-unknown-linux-gnu/
LIBRARY_PATH=/cvmfs/it.gsi.de/compiler/gcc/4.8.4/lib/gcc/x86_64-unknown-linux-gnu/4.8.4/:/cvmfs/it.gsi.de/compiler/gcc/4.8.4/lib/gcc/x86_64-unknown-linux-gnu/4.8.4/../../../../lib64/:/lib/x86_64-linux-gnu/:/lib/../lib64/:/usr/lib/x86_64-linux-gnu/:/cvmfs/it.gsi.de/compiler/gcc/4.8.4/lib/gcc/x86_64-unknown-linux-gnu/4.8.4/../../../:/lib/:/usr/lib/
COLLECT_GCC_OPTIONS='-v' '-o' 'cmTryCompileExec1291420848' '-rdynamic' '-mtune=generic' '-march=x86-64'
 /cvmfs/it.gsi.de/compiler/gcc/4.8.4/libexec/gcc/x86_64-unknown-linux-gnu/4.8.4/collect2 --eh-frame-hdr -m elf_x86_64 -export-dynamic -dynamic-linker /lib64/ld-linux-x86-64.so.2 -o cmTryCompileExec1291420848 /usr/lib/x86_64-linux-gnu/crt1.o /usr/lib/x86_64-linux-gnu/crti.o /cvmfs/it.gsi.de/compiler/gcc/4.8.4/lib/gcc/x86_64-unknown-linux-gnu/4.8.4/crtbegin.o -L/cvmfs/it.gsi.de/compiler/gcc/4.8.4/lib/gcc/x86_64-unknown-linux-gnu/4.8.4 -L/cvmfs/it.gsi.de/compiler/gcc/4.8.4/lib/gcc/x86_64-unknown-linux-gnu/4.8.4/../../../../lib64 -L/lib/x86_64-linux-gnu -L/lib/../lib64 -L/usr/lib/x86_64-linux-gnu -L/cvmfs/it.gsi.de/compiler/gcc/4.8.4/lib/gcc/x86_64-unknown-linux-gnu/4.8.4/../../.. CMakeFiles/cmTryCompileExec1291420848.dir/CMakeCCompilerABI.c.o -lgcc --as-needed -lgcc_s --no-as-needed -lc -lgcc --as-needed -lgcc_s --no-as-needed /cvmfs/it.gsi.de/compiler/gcc/4.8.4/lib/gcc/x86_64-unknown-linux-gnu/4.8.4/crtend.o /usr/lib/x86_64-linux-gnu/crtn.o
make[1]: Leaving directory `/u/paloma/R3BRoot/R3BRoot_cabanelas/R3BRoot/build/CMakeFiles/CMakeTmp'


Parsed C implicit link information from above output:
  link line regex: [^( *|.*[/\])(ld|ld|collect2)[^/\]*( |$)]
  ignore line: [Change Dir: /u/paloma/R3BRoot/R3BRoot_cabanelas/R3BRoot/build/CMakeFiles/CMakeTmp]
  ignore line: []
  ignore line: [Run Build Command:/usr/bin/make "cmTryCompileExec1291420848/fast"]
  ignore line: [/usr/bin/make -f CMakeFiles/cmTryCompileExec1291420848.dir/build.make CMakeFiles/cmTryCompileExec1291420848.dir/build]
  ignore line: [make[1]: Entering directory `/u/paloma/R3BRoot/R3BRoot_cabanelas/R3BRoot/build/CMakeFiles/CMakeTmp']
  ignore line: [/usr/bin/cmake -E cmake_progress_report /u/paloma/R3BRoot/R3BRoot_cabanelas/R3BRoot/build/CMakeFiles/CMakeTmp/CMakeFiles 1]
  ignore line: [Building C object CMakeFiles/cmTryCompileExec1291420848.dir/CMakeCCompilerABI.c.o]
  ignore line: [/cvmfs/it.gsi.de/compiler/gcc/4.8.4/bin/gcc    -o CMakeFiles/cmTryCompileExec1291420848.dir/CMakeCCompilerABI.c.o   -c /usr/share/cmake-2.8/Modules/CMakeCCompilerABI.c]
  ignore line: [Linking C executable cmTryCompileExec1291420848]
  ignore line: [/usr/bin/cmake -E cmake_link_script CMakeFiles/cmTryCompileExec1291420848.dir/link.txt --verbose=1]
  ignore line: [/cvmfs/it.gsi.de/compiler/gcc/4.8.4/bin/gcc       -v CMakeFiles/cmTryCompileExec1291420848.dir/CMakeCCompilerABI.c.o  -o cmTryCompileExec1291420848 -rdynamic  ]
  ignore line: [Using built-in specs.]
  ignore line: [COLLECT_GCC=/cvmfs/it.gsi.de/compiler/gcc/4.8.4/bin/gcc]
  ignore line: [COLLECT_LTO_WRAPPER=/cvmfs/it.gsi.de/compiler/gcc/4.8.4/libexec/gcc/x86_64-unknown-linux-gnu/4.8.4/lto-wrapper]
  ignore line: [Target: x86_64-unknown-linux-gnu]
  ignore line: [Configured with: ../configure --prefix=/cvmfs/it.gsi.de/compiler/gcc/4.8.4 --enable-languages=c,c++,fortran]
  ignore line: [Thread model: posix]
  ignore line: [gcc version 4.8.4 (GCC) ]
  ignore line: [COMPILER_PATH=/cvmfs/it.gsi.de/compiler/gcc/4.8.4/libexec/gcc/x86_64-unknown-linux-gnu/4.8.4/:/cvmfs/it.gsi.de/compiler/gcc/4.8.4/libexec/gcc/x86_64-unknown-linux-gnu/4.8.4/:/cvmfs/it.gsi.de/compiler/gcc/4.8.4/libexec/gcc/x86_64-unknown-linux-gnu/:/cvmfs/it.gsi.de/compiler/gcc/4.8.4/lib/gcc/x86_64-unknown-linux-gnu/4.8.4/:/cvmfs/it.gsi.de/compiler/gcc/4.8.4/lib/gcc/x86_64-unknown-linux-gnu/]
  ignore line: [LIBRARY_PATH=/cvmfs/it.gsi.de/compiler/gcc/4.8.4/lib/gcc/x86_64-unknown-linux-gnu/4.8.4/:/cvmfs/it.gsi.de/compiler/gcc/4.8.4/lib/gcc/x86_64-unknown-linux-gnu/4.8.4/../../../../lib64/:/lib/x86_64-linux-gnu/:/lib/../lib64/:/usr/lib/x86_64-linux-gnu/:/cvmfs/it.gsi.de/compiler/gcc/4.8.4/lib/gcc/x86_64-unknown-linux-gnu/4.8.4/../../../:/lib/:/usr/lib/]
  ignore line: [COLLECT_GCC_OPTIONS='-v' '-o' 'cmTryCompileExec1291420848' '-rdynamic' '-mtune=generic' '-march=x86-64']
  link line: [ /cvmfs/it.gsi.de/compiler/gcc/4.8.4/libexec/gcc/x86_64-unknown-linux-gnu/4.8.4/collect2 --eh-frame-hdr -m elf_x86_64 -export-dynamic -dynamic-linker /lib64/ld-linux-x86-64.so.2 -o cmTryCompileExec1291420848 /usr/lib/x86_64-linux-gnu/crt1.o /usr/lib/x86_64-linux-gnu/crti.o /cvmfs/it.gsi.de/compiler/gcc/4.8.4/lib/gcc/x86_64-unknown-linux-gnu/4.8.4/crtbegin.o -L/cvmfs/it.gsi.de/compiler/gcc/4.8.4/lib/gcc/x86_64-unknown-linux-gnu/4.8.4 -L/cvmfs/it.gsi.de/compiler/gcc/4.8.4/lib/gcc/x86_64-unknown-linux-gnu/4.8.4/../../../../lib64 -L/lib/x86_64-linux-gnu -L/lib/../lib64 -L/usr/lib/x86_64-linux-gnu -L/cvmfs/it.gsi.de/compiler/gcc/4.8.4/lib/gcc/x86_64-unknown-linux-gnu/4.8.4/../../.. CMakeFiles/cmTryCompileExec1291420848.dir/CMakeCCompilerABI.c.o -lgcc --as-needed -lgcc_s --no-as-needed -lc -lgcc --as-needed -lgcc_s --no-as-needed /cvmfs/it.gsi.de/compiler/gcc/4.8.4/lib/gcc/x86_64-unknown-linux-gnu/4.8.4/crtend.o /usr/lib/x86_64-linux-gnu/crtn.o]
    arg [/cvmfs/it.gsi.de/compiler/gcc/4.8.4/libexec/gcc/x86_64-unknown-linux-gnu/4.8.4/collect2] ==> ignore
    arg [--eh-frame-hdr] ==> ignore
    arg [-m] ==> ignore
    arg [elf_x86_64] ==> ignore
    arg [-export-dynamic] ==> ignore
    arg [-dynamic-linker] ==> ignore
    arg [/lib64/ld-linux-x86-64.so.2] ==> ignore
    arg [-o] ==> ignore
    arg [cmTryCompileExec1291420848] ==> ignore
    arg [/usr/lib/x86_64-linux-gnu/crt1.o] ==> ignore
    arg [/usr/lib/x86_64-linux-gnu/crti.o] ==> ignore
    arg [/cvmfs/it.gsi.de/compiler/gcc/4.8.4/lib/gcc/x86_64-unknown-linux-gnu/4.8.4/crtbegin.o] ==> ignore
    arg [-L/cvmfs/it.gsi.de/compiler/gcc/4.8.4/lib/gcc/x86_64-unknown-linux-gnu/4.8.4] ==> dir [/cvmfs/it.gsi.de/compiler/gcc/4.8.4/lib/gcc/x86_64-unknown-linux-gnu/4.8.4]
    arg [-L/cvmfs/it.gsi.de/compiler/gcc/4.8.4/lib/gcc/x86_64-unknown-linux-gnu/4.8.4/../../../../lib64] ==> dir [/cvmfs/it.gsi.de/compiler/gcc/4.8.4/lib/gcc/x86_64-unknown-linux-gnu/4.8.4/../../../../lib64]
    arg [-L/lib/x86_64-linux-gnu] ==> dir [/lib/x86_64-linux-gnu]
    arg [-L/lib/../lib64] ==> dir [/lib/../lib64]
    arg [-L/usr/lib/x86_64-linux-gnu] ==> dir [/usr/lib/x86_64-linux-gnu]
    arg [-L/cvmfs/it.gsi.de/compiler/gcc/4.8.4/lib/gcc/x86_64-unknown-linux-gnu/4.8.4/../../..] ==> dir [/cvmfs/it.gsi.de/compiler/gcc/4.8.4/lib/gcc/x86_64-unknown-linux-gnu/4.8.4/../../..]
    arg [CMakeFiles/cmTryCompileExec1291420848.dir/CMakeCCompilerABI.c.o] ==> ignore
    arg [-lgcc] ==> lib [gcc]
    arg [--as-needed] ==> ignore
    arg [-lgcc_s] ==> lib [gcc_s]
    arg [--no-as-needed] ==> ignore
    arg [-lc] ==> lib [c]
    arg [-lgcc] ==> lib [gcc]
    arg [--as-needed] ==> ignore
    arg [-lgcc_s] ==> lib [gcc_s]
    arg [--no-as-needed] ==> ignore
    arg [/cvmfs/it.gsi.de/compiler/gcc/4.8.4/lib/gcc/x86_64-unknown-linux-gnu/4.8.4/crtend.o] ==> ignore
    arg [/usr/lib/x86_64-linux-gnu/crtn.o] ==> ignore
  remove lib [gcc]
  remove lib [gcc_s]
  remove lib [gcc]
  remove lib [gcc_s]
  collapse dir [/cvmfs/it.gsi.de/compiler/gcc/4.8.4/lib/gcc/x86_64-unknown-linux-gnu/4.8.4] ==> [/cvmfs/it.gsi.de/compiler/gcc/4.8.4/lib/gcc/x86_64-unknown-linux-gnu/4.8.4]
  collapse dir [/cvmfs/it.gsi.de/compiler/gcc/4.8.4/lib/gcc/x86_64-unknown-linux-gnu/4.8.4/../../../../lib64] ==> [/cvmfs/it.gsi.de/compiler/gcc/4.8.4/lib64]
  collapse dir [/lib/x86_64-linux-gnu] ==> [/lib/x86_64-linux-gnu]
  collapse dir [/lib/../lib64] ==> [/lib64]
  collapse dir [/usr/lib/x86_64-linux-gnu] ==> [/usr/lib/x86_64-linux-gnu]
  collapse dir [/cvmfs/it.gsi.de/compiler/gcc/4.8.4/lib/gcc/x86_64-unknown-linux-gnu/4.8.4/../../..] ==> [/cvmfs/it.gsi.de/compiler/gcc/4.8.4/lib]
  implicit libs: [c]
  implicit dirs: [/cvmfs/it.gsi.de/compiler/gcc/4.8.4/lib/gcc/x86_64-unknown-linux-gnu/4.8.4;/cvmfs/it.gsi.de/compiler/gcc/4.8.4/lib64;/lib/x86_64-linux-gnu;/lib64;/usr/lib/x86_64-linux-gnu;/cvmfs/it.gsi.de/compiler/gcc/4.8.4/lib]


Determining if the CXX compiler works passed with the following output:
Change Dir: /u/paloma/R3BRoot/R3BRoot_cabanelas/R3BRoot/build/CMakeFiles/CMakeTmp

Run Build Command:/usr/bin/make "cmTryCompileExec3642763123/fast"
/usr/bin/make -f CMakeFiles/cmTryCompileExec3642763123.dir/build.make CMakeFiles/cmTryCompileExec3642763123.dir/build
make[1]: Entering directory `/u/paloma/R3BRoot/R3BRoot_cabanelas/R3BRoot/build/CMakeFiles/CMakeTmp'
/usr/bin/cmake -E cmake_progress_report /u/paloma/R3BRoot/R3BRoot_cabanelas/R3BRoot/build/CMakeFiles/CMakeTmp/CMakeFiles 1
Building CXX object CMakeFiles/cmTryCompileExec3642763123.dir/testCXXCompiler.cxx.o
/cvmfs/it.gsi.de/compiler/gcc/4.8.4/bin/g++     -o CMakeFiles/cmTryCompileExec3642763123.dir/testCXXCompiler.cxx.o -c /u/paloma/R3BRoot/R3BRoot_cabanelas/R3BRoot/build/CMakeFiles/CMakeTmp/testCXXCompiler.cxx
Linking CXX executable cmTryCompileExec3642763123
/usr/bin/cmake -E cmake_link_script CMakeFiles/cmTryCompileExec3642763123.dir/link.txt --verbose=1
/cvmfs/it.gsi.de/compiler/gcc/4.8.4/bin/g++          CMakeFiles/cmTryCompileExec3642763123.dir/testCXXCompiler.cxx.o  -o cmTryCompileExec3642763123 -rdynamic 
make[1]: Leaving directory `/u/paloma/R3BRoot/R3BRoot_cabanelas/R3BRoot/build/CMakeFiles/CMakeTmp'


Detecting CXX compiler ABI info compiled with the following output:
Change Dir: /u/paloma/R3BRoot/R3BRoot_cabanelas/R3BRoot/build/CMakeFiles/CMakeTmp

Run Build Command:/usr/bin/make "cmTryCompileExec853259383/fast"
/usr/bin/make -f CMakeFiles/cmTryCompileExec853259383.dir/build.make CMakeFiles/cmTryCompileExec853259383.dir/build
make[1]: Entering directory `/u/paloma/R3BRoot/R3BRoot_cabanelas/R3BRoot/build/CMakeFiles/CMakeTmp'
/usr/bin/cmake -E cmake_progress_report /u/paloma/R3BRoot/R3BRoot_cabanelas/R3BRoot/build/CMakeFiles/CMakeTmp/CMakeFiles 1
Building CXX object CMakeFiles/cmTryCompileExec853259383.dir/CMakeCXXCompilerABI.cpp.o
/cvmfs/it.gsi.de/compiler/gcc/4.8.4/bin/g++     -o CMakeFiles/cmTryCompileExec853259383.dir/CMakeCXXCompilerABI.cpp.o -c /usr/share/cmake-2.8/Modules/CMakeCXXCompilerABI.cpp
Linking CXX executable cmTryCompileExec853259383
/usr/bin/cmake -E cmake_link_script CMakeFiles/cmTryCompileExec853259383.dir/link.txt --verbose=1
/cvmfs/it.gsi.de/compiler/gcc/4.8.4/bin/g++        -v CMakeFiles/cmTryCompileExec853259383.dir/CMakeCXXCompilerABI.cpp.o  -o cmTryCompileExec853259383 -rdynamic  
Using built-in specs.
COLLECT_GCC=/cvmfs/it.gsi.de/compiler/gcc/4.8.4/bin/g++
COLLECT_LTO_WRAPPER=/cvmfs/it.gsi.de/compiler/gcc/4.8.4/libexec/gcc/x86_64-unknown-linux-gnu/4.8.4/lto-wrapper
Target: x86_64-unknown-linux-gnu
Configured with: ../configure --prefix=/cvmfs/it.gsi.de/compiler/gcc/4.8.4 --enable-languages=c,c++,fortran
Thread model: posix
gcc version 4.8.4 (GCC) 
COMPILER_PATH=/cvmfs/it.gsi.de/compiler/gcc/4.8.4/libexec/gcc/x86_64-unknown-linux-gnu/4.8.4/:/cvmfs/it.gsi.de/compiler/gcc/4.8.4/libexec/gcc/x86_64-unknown-linux-gnu/4.8.4/:/cvmfs/it.gsi.de/compiler/gcc/4.8.4/libexec/gcc/x86_64-unknown-linux-gnu/:/cvmfs/it.gsi.de/compiler/gcc/4.8.4/lib/gcc/x86_64-unknown-linux-gnu/4.8.4/:/cvmfs/it.gsi.de/compiler/gcc/4.8.4/lib/gcc/x86_64-unknown-linux-gnu/
LIBRARY_PATH=/cvmfs/it.gsi.de/compiler/gcc/4.8.4/lib/gcc/x86_64-unknown-linux-gnu/4.8.4/:/cvmfs/it.gsi.de/compiler/gcc/4.8.4/lib/gcc/x86_64-unknown-linux-gnu/4.8.4/../../../../lib64/:/lib/x86_64-linux-gnu/:/lib/../lib64/:/usr/lib/x86_64-linux-gnu/:/cvmfs/it.gsi.de/compiler/gcc/4.8.4/lib/gcc/x86_64-unknown-linux-gnu/4.8.4/../../../:/lib/:/usr/lib/
COLLECT_GCC_OPTIONS='-v' '-o' 'cmTryCompileExec853259383' '-rdynamic' '-shared-libgcc' '-mtune=generic' '-march=x86-64'
 /cvmfs/it.gsi.de/compiler/gcc/4.8.4/libexec/gcc/x86_64-unknown-linux-gnu/4.8.4/collect2 --eh-frame-hdr -m elf_x86_64 -export-dynamic -dynamic-linker /lib64/ld-linux-x86-64.so.2 -o cmTryCompileExec853259383 /usr/lib/x86_64-linux-gnu/crt1.o /usr/lib/x86_64-linux-gnu/crti.o /cvmfs/it.gsi.de/compiler/gcc/4.8.4/lib/gcc/x86_64-unknown-linux-gnu/4.8.4/crtbegin.o -L/cvmfs/it.gsi.de/compiler/gcc/4.8.4/lib/gcc/x86_64-unknown-linux-gnu/4.8.4 -L/cvmfs/it.gsi.de/compiler/gcc/4.8.4/lib/gcc/x86_64-unknown-linux-gnu/4.8.4/../../../../lib64 -L/lib/x86_64-linux-gnu -L/lib/../lib64 -L/usr/lib/x86_64-linux-gnu -L/cvmfs/it.gsi.de/compiler/gcc/4.8.4/lib/gcc/x86_64-unknown-linux-gnu/4.8.4/../../.. CMakeFiles/cmTryCompileExec853259383.dir/CMakeCXXCompilerABI.cpp.o -lstdc++ -lm -lgcc_s -lgcc -lc -lgcc_s -lgcc /cvmfs/it.gsi.de/compiler/gcc/4.8.4/lib/gcc/x86_64-unknown-linux-gnu/4.8.4/crtend.o /usr/lib/x86_64-linux-gnu/crtn.o
make[1]: Leaving directory `/u/paloma/R3BRoot/R3BRoot_cabanelas/R3BRoot/build/CMakeFiles/CMakeTmp'


Parsed CXX implicit link information from above output:
  link line regex: [^( *|.*[/\])(ld|ld|collect2)[^/\]*( |$)]
  ignore line: [Change Dir: /u/paloma/R3BRoot/R3BRoot_cabanelas/R3BRoot/build/CMakeFiles/CMakeTmp]
  ignore line: []
  ignore line: [Run Build Command:/usr/bin/make "cmTryCompileExec853259383/fast"]
  ignore line: [/usr/bin/make -f CMakeFiles/cmTryCompileExec853259383.dir/build.make CMakeFiles/cmTryCompileExec853259383.dir/build]
  ignore line: [make[1]: Entering directory `/u/paloma/R3BRoot/R3BRoot_cabanelas/R3BRoot/build/CMakeFiles/CMakeTmp']
  ignore line: [/usr/bin/cmake -E cmake_progress_report /u/paloma/R3BRoot/R3BRoot_cabanelas/R3BRoot/build/CMakeFiles/CMakeTmp/CMakeFiles 1]
  ignore line: [Building CXX object CMakeFiles/cmTryCompileExec853259383.dir/CMakeCXXCompilerABI.cpp.o]
  ignore line: [/cvmfs/it.gsi.de/compiler/gcc/4.8.4/bin/g++     -o CMakeFiles/cmTryCompileExec853259383.dir/CMakeCXXCompilerABI.cpp.o -c /usr/share/cmake-2.8/Modules/CMakeCXXCompilerABI.cpp]
  ignore line: [Linking CXX executable cmTryCompileExec853259383]
  ignore line: [/usr/bin/cmake -E cmake_link_script CMakeFiles/cmTryCompileExec853259383.dir/link.txt --verbose=1]
  ignore line: [/cvmfs/it.gsi.de/compiler/gcc/4.8.4/bin/g++        -v CMakeFiles/cmTryCompileExec853259383.dir/CMakeCXXCompilerABI.cpp.o  -o cmTryCompileExec853259383 -rdynamic  ]
  ignore line: [Using built-in specs.]
  ignore line: [COLLECT_GCC=/cvmfs/it.gsi.de/compiler/gcc/4.8.4/bin/g++]
  ignore line: [COLLECT_LTO_WRAPPER=/cvmfs/it.gsi.de/compiler/gcc/4.8.4/libexec/gcc/x86_64-unknown-linux-gnu/4.8.4/lto-wrapper]
  ignore line: [Target: x86_64-unknown-linux-gnu]
  ignore line: [Configured with: ../configure --prefix=/cvmfs/it.gsi.de/compiler/gcc/4.8.4 --enable-languages=c,c++,fortran]
  ignore line: [Thread model: posix]
  ignore line: [gcc version 4.8.4 (GCC) ]
  ignore line: [COMPILER_PATH=/cvmfs/it.gsi.de/compiler/gcc/4.8.4/libexec/gcc/x86_64-unknown-linux-gnu/4.8.4/:/cvmfs/it.gsi.de/compiler/gcc/4.8.4/libexec/gcc/x86_64-unknown-linux-gnu/4.8.4/:/cvmfs/it.gsi.de/compiler/gcc/4.8.4/libexec/gcc/x86_64-unknown-linux-gnu/:/cvmfs/it.gsi.de/compiler/gcc/4.8.4/lib/gcc/x86_64-unknown-linux-gnu/4.8.4/:/cvmfs/it.gsi.de/compiler/gcc/4.8.4/lib/gcc/x86_64-unknown-linux-gnu/]
  ignore line: [LIBRARY_PATH=/cvmfs/it.gsi.de/compiler/gcc/4.8.4/lib/gcc/x86_64-unknown-linux-gnu/4.8.4/:/cvmfs/it.gsi.de/compiler/gcc/4.8.4/lib/gcc/x86_64-unknown-linux-gnu/4.8.4/../../../../lib64/:/lib/x86_64-linux-gnu/:/lib/../lib64/:/usr/lib/x86_64-linux-gnu/:/cvmfs/it.gsi.de/compiler/gcc/4.8.4/lib/gcc/x86_64-unknown-linux-gnu/4.8.4/../../../:/lib/:/usr/lib/]
  ignore line: [COLLECT_GCC_OPTIONS='-v' '-o' 'cmTryCompileExec853259383' '-rdynamic' '-shared-libgcc' '-mtune=generic' '-march=x86-64']
  link line: [ /cvmfs/it.gsi.de/compiler/gcc/4.8.4/libexec/gcc/x86_64-unknown-linux-gnu/4.8.4/collect2 --eh-frame-hdr -m elf_x86_64 -export-dynamic -dynamic-linker /lib64/ld-linux-x86-64.so.2 -o cmTryCompileExec853259383 /usr/lib/x86_64-linux-gnu/crt1.o /usr/lib/x86_64-linux-gnu/crti.o /cvmfs/it.gsi.de/compiler/gcc/4.8.4/lib/gcc/x86_64-unknown-linux-gnu/4.8.4/crtbegin.o -L/cvmfs/it.gsi.de/compiler/gcc/4.8.4/lib/gcc/x86_64-unknown-linux-gnu/4.8.4 -L/cvmfs/it.gsi.de/compiler/gcc/4.8.4/lib/gcc/x86_64-unknown-linux-gnu/4.8.4/../../../../lib64 -L/lib/x86_64-linux-gnu -L/lib/../lib64 -L/usr/lib/x86_64-linux-gnu -L/cvmfs/it.gsi.de/compiler/gcc/4.8.4/lib/gcc/x86_64-unknown-linux-gnu/4.8.4/../../.. CMakeFiles/cmTryCompileExec853259383.dir/CMakeCXXCompilerABI.cpp.o -lstdc++ -lm -lgcc_s -lgcc -lc -lgcc_s -lgcc /cvmfs/it.gsi.de/compiler/gcc/4.8.4/lib/gcc/x86_64-unknown-linux-gnu/4.8.4/crtend.o /usr/lib/x86_64-linux-gnu/crtn.o]
    arg [/cvmfs/it.gsi.de/compiler/gcc/4.8.4/libexec/gcc/x86_64-unknown-linux-gnu/4.8.4/collect2] ==> ignore
    arg [--eh-frame-hdr] ==> ignore
    arg [-m] ==> ignore
    arg [elf_x86_64] ==> ignore
    arg [-export-dynamic] ==> ignore
    arg [-dynamic-linker] ==> ignore
    arg [/lib64/ld-linux-x86-64.so.2] ==> ignore
    arg [-o] ==> ignore
    arg [cmTryCompileExec853259383] ==> ignore
    arg [/usr/lib/x86_64-linux-gnu/crt1.o] ==> ignore
    arg [/usr/lib/x86_64-linux-gnu/crti.o] ==> ignore
    arg [/cvmfs/it.gsi.de/compiler/gcc/4.8.4/lib/gcc/x86_64-unknown-linux-gnu/4.8.4/crtbegin.o] ==> ignore
    arg [-L/cvmfs/it.gsi.de/compiler/gcc/4.8.4/lib/gcc/x86_64-unknown-linux-gnu/4.8.4] ==> dir [/cvmfs/it.gsi.de/compiler/gcc/4.8.4/lib/gcc/x86_64-unknown-linux-gnu/4.8.4]
    arg [-L/cvmfs/it.gsi.de/compiler/gcc/4.8.4/lib/gcc/x86_64-unknown-linux-gnu/4.8.4/../../../../lib64] ==> dir [/cvmfs/it.gsi.de/compiler/gcc/4.8.4/lib/gcc/x86_64-unknown-linux-gnu/4.8.4/../../../../lib64]
    arg [-L/lib/x86_64-linux-gnu] ==> dir [/lib/x86_64-linux-gnu]
    arg [-L/lib/../lib64] ==> dir [/lib/../lib64]
    arg [-L/usr/lib/x86_64-linux-gnu] ==> dir [/usr/lib/x86_64-linux-gnu]
    arg [-L/cvmfs/it.gsi.de/compiler/gcc/4.8.4/lib/gcc/x86_64-unknown-linux-gnu/4.8.4/../../..] ==> dir [/cvmfs/it.gsi.de/compiler/gcc/4.8.4/lib/gcc/x86_64-unknown-linux-gnu/4.8.4/../../..]
    arg [CMakeFiles/cmTryCompileExec853259383.dir/CMakeCXXCompilerABI.cpp.o] ==> ignore
    arg [-lstdc++] ==> lib [stdc++]
    arg [-lm] ==> lib [m]
    arg [-lgcc_s] ==> lib [gcc_s]
    arg [-lgcc] ==> lib [gcc]
    arg [-lc] ==> lib [c]
    arg [-lgcc_s] ==> lib [gcc_s]
    arg [-lgcc] ==> lib [gcc]
    arg [/cvmfs/it.gsi.de/compiler/gcc/4.8.4/lib/gcc/x86_64-unknown-linux-gnu/4.8.4/crtend.o] ==> ignore
    arg [/usr/lib/x86_64-linux-gnu/crtn.o] ==> ignore
  remove lib [gcc_s]
  remove lib [gcc]
  remove lib [gcc_s]
  remove lib [gcc]
  collapse dir [/cvmfs/it.gsi.de/compiler/gcc/4.8.4/lib/gcc/x86_64-unknown-linux-gnu/4.8.4] ==> [/cvmfs/it.gsi.de/compiler/gcc/4.8.4/lib/gcc/x86_64-unknown-linux-gnu/4.8.4]
  collapse dir [/cvmfs/it.gsi.de/compiler/gcc/4.8.4/lib/gcc/x86_64-unknown-linux-gnu/4.8.4/../../../../lib64] ==> [/cvmfs/it.gsi.de/compiler/gcc/4.8.4/lib64]
  collapse dir [/lib/x86_64-linux-gnu] ==> [/lib/x86_64-linux-gnu]
  collapse dir [/lib/../lib64] ==> [/lib64]
  collapse dir [/usr/lib/x86_64-linux-gnu] ==> [/usr/lib/x86_64-linux-gnu]
  collapse dir [/cvmfs/it.gsi.de/compiler/gcc/4.8.4/lib/gcc/x86_64-unknown-linux-gnu/4.8.4/../../..] ==> [/cvmfs/it.gsi.de/compiler/gcc/4.8.4/lib]
  implicit libs: [stdc++;m;c]
  implicit dirs: [/cvmfs/it.gsi.de/compiler/gcc/4.8.4/lib/gcc/x86_64-unknown-linux-gnu/4.8.4;/cvmfs/it.gsi.de/compiler/gcc/4.8.4/lib64;/lib/x86_64-linux-gnu;/lib64;/usr/lib/x86_64-linux-gnu;/cvmfs/it.gsi.de/compiler/gcc/4.8.4/lib]


Performing C++ SOURCE FILE Test _HAS_CXX11_FLAG succeded with the following output:
Change Dir: /u/paloma/R3BRoot/R3BRoot_cabanelas/R3BRoot/build/CMakeFiles/CMakeTmp

Run Build Command:/usr/bin/make "cmTryCompileExec4291355969/fast"
/usr/bin/make -f CMakeFiles/cmTryCompileExec4291355969.dir/build.make CMakeFiles/cmTryCompileExec4291355969.dir/build
make[1]: Entering directory `/u/paloma/R3BRoot/R3BRoot_cabanelas/R3BRoot/build/CMakeFiles/CMakeTmp'
/usr/bin/cmake -E cmake_progress_report /u/paloma/R3BRoot/R3BRoot_cabanelas/R3BRoot/build/CMakeFiles/CMakeTmp/CMakeFiles 1
Building CXX object CMakeFiles/cmTryCompileExec4291355969.dir/src.cxx.o
/cvmfs/it.gsi.de/compiler/gcc/4.8.4/bin/g++    -D_HAS_CXX11_FLAG   -std=c++11 -o CMakeFiles/cmTryCompileExec4291355969.dir/src.cxx.o -c /u/paloma/R3BRoot/R3BRoot_cabanelas/R3BRoot/build/CMakeFiles/CMakeTmp/src.cxx
Linking CXX executable cmTryCompileExec4291355969
/usr/bin/cmake -E cmake_link_script CMakeFiles/cmTryCompileExec4291355969.dir/link.txt --verbose=1
/cvmfs/it.gsi.de/compiler/gcc/4.8.4/bin/g++      -D_HAS_CXX11_FLAG    CMakeFiles/cmTryCompileExec4291355969.dir/src.cxx.o  -o cmTryCompileExec4291355969 -rdynamic 
make[1]: Leaving directory `/u/paloma/R3BRoot/R3BRoot_cabanelas/R3BRoot/build/CMakeFiles/CMakeTmp'

Source file was:
int main() { return 0;}
